<?xml version="1.0"?>
<testsuites>
  <testsuite name="PhantomJS 2.1.1 (Windows 7 0.0.0)" package="" timestamp="2016-05-17T09:39:36" id="0" hostname="PCLLE073">
    <properties>
      <property name="browser.fullName" value="Mozilla/5.0 (Windows NT 6.1; WOW64) AppleWebKit/538.1 (KHTML, like Gecko) PhantomJS/2.1.1 Safari/538.1"/>
    </properties>
  </testsuite>
  <testsuite name="PhantomJS 2.1.1 (Windows 7 0.0.0)" package="" timestamp="2016-05-17T09:39:36" id="0" hostname="PCLLE073" tests="1" errors="0" failures="0" time="0.005">
    <properties>
      <property name="browser.fullName" value="Mozilla/5.0 (Windows NT 6.1; WOW64) AppleWebKit/538.1 (KHTML, like Gecko) PhantomJS/2.1.1 Safari/538.1"/>
    </properties>
    <testcase name="should have a properly working homeController controller" time="0.005" classname="PhantomJS 2.1.1 (Windows 7 0.0.0).Unit: Testing Controllers"/>
    <system-out><![CDATA[
]]></system-out>
    <system-err/>
  </testsuite>
</testsuites>
