<?xml version="1.0"?>
<testsuites>
  <testsuite name="PhantomJS 2.1.1 (Mac OS X 0.0.0)" package="" timestamp="2016-05-22T17:45:59" id="0" hostname="Mac-mini-de-Roger.local">
    <properties>
      <property name="browser.fullName" value="Mozilla/5.0 (Macintosh; Intel Mac OS X) AppleWebKit/538.1 (KHTML, like Gecko) PhantomJS/2.1.1 Safari/538.1"/>
    </properties>
  </testsuite>
  <testsuite name="PhantomJS 2.1.1 (Mac OS X 0.0.0)" package="" timestamp="2016-05-22T17:45:59" id="0" hostname="Mac-mini-de-Roger.local" tests="1" errors="0" failures="0" time="0.007">
    <properties>
      <property name="browser.fullName" value="Mozilla/5.0 (Macintosh; Intel Mac OS X) AppleWebKit/538.1 (KHTML, like Gecko) PhantomJS/2.1.1 Safari/538.1"/>
    </properties>
    <testcase name="should have a properly working homeController controller" time="0.007" classname="PhantomJS 2.1.1 (Mac OS X 0.0.0).Unit: Testing Controllers"/>
    <system-out><![CDATA[
]]></system-out>
    <system-err/>
  </testsuite>
</testsuites>
